<?xml version="1.0" encoding="UTF-8"?>
<!-- Generated by org.testng.reporters.JUnitReportReporter -->
<testsuite hostname="SagarM-PC" name="com.ixsight.deduplix.automation.testscripts.LegacyCluster" tests="10" failures="0" timestamp="29 Aug 2016 13:33:40 GMT" time="1.834" errors="0">
  <testcase name="preprocessMatch" time="0.001" classname="com.ixsight.deduplix.automation.testscripts.LegacyCluster"/>
  <testcase name="preprocessMatch" time="0.001" classname="com.ixsight.deduplix.automation.testscripts.LegacyCluster"/>
  <testcase name="preprocessMatch" time="1.822" classname="com.ixsight.deduplix.automation.testscripts.LegacyCluster"/>
  <testcase name="preprocessMatch" time="0.001" classname="com.ixsight.deduplix.automation.testscripts.LegacyCluster"/>
  <testcase name="preprocessMatch" time="0.006" classname="com.ixsight.deduplix.automation.testscripts.LegacyCluster"/>
  <testcase name="preprocessMatch" time="0.001" classname="com.ixsight.deduplix.automation.testscripts.LegacyCluster"/>
  <testcase name="preprocessMatch" time="0.000" classname="com.ixsight.deduplix.automation.testscripts.LegacyCluster"/>
  <testcase name="preprocessMatch" time="0.001" classname="com.ixsight.deduplix.automation.testscripts.LegacyCluster"/>
  <testcase name="preprocessMatch" time="0.001" classname="com.ixsight.deduplix.automation.testscripts.LegacyCluster"/>
  <testcase name="preprocessMatch" time="0.000" classname="com.ixsight.deduplix.automation.testscripts.LegacyCluster"/>
</testsuite> <!-- com.ixsight.deduplix.automation.testscripts.LegacyCluster -->
